  Exceptions.hpp
  The contents of <format> are available only in c++latest mode with concepts support;
  see https://github.com/microsoft/STL/issues/1814 for details.
C:\Users\Pavel Ivanov\labs\GitHub\oop-bmstu\lab_02\lab_02\Exceptions.h(19,29): error C2039: "format": не является членом "std".
C:\Program Files (x86)\Microsoft Visual Studio\2019\Community\VC\Tools\MSVC\14.29.30133\include\chrono(50): message : см. объявление "std"
C:\Users\Pavel Ivanov\labs\GitHub\oop-bmstu\lab_02\lab_02\Exceptions.h(19,1): error C3861: format: идентификатор не найден
  Matrix.hpp
  The contents of <format> are available only in c++latest mode with concepts support;
  see https://github.com/microsoft/STL/issues/1814 for details.
C:\Users\Pavel Ivanov\labs\GitHub\oop-bmstu\lab_02\lab_02\Exceptions.h(19,29): error C2039: "format": не является членом "std".
C:\Program Files (x86)\Microsoft Visual Studio\2019\Community\VC\Tools\MSVC\14.29.30133\include\chrono(50): message : см. объявление "std"
C:\Users\Pavel Ivanov\labs\GitHub\oop-bmstu\lab_02\lab_02\Exceptions.h(19,1): error C3861: format: идентификатор не найден
C:\Users\Pavel Ivanov\labs\GitHub\oop-bmstu\lab_02\lab_02\MatrixRow.hpp(92,1): warning C4346: "MatrixRow": зависимое имя не является типом.
C:\Users\Pavel Ivanov\labs\GitHub\oop-bmstu\lab_02\lab_02\MatrixRow.hpp(92,1): message : укажите префикс "typename" для задания типа
C:\Users\Pavel Ivanov\labs\GitHub\oop-bmstu\lab_02\lab_02\MatrixRow.hpp(92,12): error C2061: синтаксическая ошибка: идентификатор "MatrixRow"
C:\Users\Pavel Ivanov\labs\GitHub\oop-bmstu\lab_02\lab_02\MatrixRow.hpp(93,1): error C2143: синтаксическая ошибка: отсутствие ";" перед "{"
C:\Users\Pavel Ivanov\labs\GitHub\oop-bmstu\lab_02\lab_02\MatrixRow.hpp(93,1): error C2447: {: отсутствует заголовок функции (возможно, используется формальный список старого типа)
C:\Users\Pavel Ivanov\labs\GitHub\oop-bmstu\lab_02\lab_02\MatrixRow.hpp(115,1): warning C4346: "MatrixRow": зависимое имя не является типом.
C:\Users\Pavel Ivanov\labs\GitHub\oop-bmstu\lab_02\lab_02\MatrixRow.hpp(115,1): message : укажите префикс "typename" для задания типа
C:\Users\Pavel Ivanov\labs\GitHub\oop-bmstu\lab_02\lab_02\MatrixRow.hpp(115,12): error C2061: синтаксическая ошибка: идентификатор "MatrixRow"
C:\Users\Pavel Ivanov\labs\GitHub\oop-bmstu\lab_02\lab_02\MatrixRow.hpp(116,1): error C2143: синтаксическая ошибка: отсутствие ";" перед "{"
C:\Users\Pavel Ivanov\labs\GitHub\oop-bmstu\lab_02\lab_02\MatrixRow.hpp(116,1): error C2447: {: отсутствует заголовок функции (возможно, используется формальный список старого типа)
C:\Users\Pavel Ivanov\labs\GitHub\oop-bmstu\lab_02\lab_02\MatrixRow.hpp(131,1): warning C4346: "MatrixRow": зависимое имя не является типом.
C:\Users\Pavel Ivanov\labs\GitHub\oop-bmstu\lab_02\lab_02\MatrixRow.hpp(131,1): message : укажите префикс "typename" для задания типа
C:\Users\Pavel Ivanov\labs\GitHub\oop-bmstu\lab_02\lab_02\MatrixRow.hpp(131,12): error C2061: синтаксическая ошибка: идентификатор "MatrixRow"
C:\Users\Pavel Ivanov\labs\GitHub\oop-bmstu\lab_02\lab_02\MatrixRow.hpp(132,1): error C2143: синтаксическая ошибка: отсутствие ";" перед "{"
C:\Users\Pavel Ivanov\labs\GitHub\oop-bmstu\lab_02\lab_02\MatrixRow.hpp(132,1): error C2447: {: отсутствует заголовок функции (возможно, используется формальный список старого типа)
C:\Users\Pavel Ivanov\labs\GitHub\oop-bmstu\lab_02\lab_02\Matrix.hpp(275,1): warning C4346: "MatrixRow": зависимое имя не является типом.
C:\Users\Pavel Ivanov\labs\GitHub\oop-bmstu\lab_02\lab_02\Matrix.hpp(275,1): message : укажите префикс "typename" для задания типа
C:\Users\Pavel Ivanov\labs\GitHub\oop-bmstu\lab_02\lab_02\Matrix.hpp(275,12): error C2061: синтаксическая ошибка: идентификатор "MatrixRow"
C:\Users\Pavel Ivanov\labs\GitHub\oop-bmstu\lab_02\lab_02\Matrix.hpp(276,1): error C2143: синтаксическая ошибка: отсутствие ";" перед "{"
C:\Users\Pavel Ivanov\labs\GitHub\oop-bmstu\lab_02\lab_02\Matrix.hpp(276,1): error C2447: {: отсутствует заголовок функции (возможно, используется формальный список старого типа)
  main.cpp
  The contents of <format> are available only in c++latest mode with concepts support;
  see https://github.com/microsoft/STL/issues/1814 for details.
C:\Users\Pavel Ivanov\labs\GitHub\oop-bmstu\lab_02\lab_02\Exceptions.h(19,29): error C2039: "format": не является членом "std".
C:\Program Files (x86)\Microsoft Visual Studio\2019\Community\VC\Tools\MSVC\14.29.30133\include\chrono(50): message : см. объявление "std"
C:\Users\Pavel Ivanov\labs\GitHub\oop-bmstu\lab_02\lab_02\Exceptions.h(19,1): error C3861: format: идентификатор не найден
C:\Users\Pavel Ivanov\labs\GitHub\oop-bmstu\lab_02\lab_02\MatrixRow.hpp(92,1): warning C4346: "MatrixRow": зависимое имя не является типом.
C:\Users\Pavel Ivanov\labs\GitHub\oop-bmstu\lab_02\lab_02\MatrixRow.hpp(92,1): message : укажите префикс "typename" для задания типа
C:\Users\Pavel Ivanov\labs\GitHub\oop-bmstu\lab_02\lab_02\MatrixRow.hpp(92,12): error C2061: синтаксическая ошибка: идентификатор "MatrixRow"
C:\Users\Pavel Ivanov\labs\GitHub\oop-bmstu\lab_02\lab_02\MatrixRow.hpp(93,1): error C2143: синтаксическая ошибка: отсутствие ";" перед "{"
C:\Users\Pavel Ivanov\labs\GitHub\oop-bmstu\lab_02\lab_02\MatrixRow.hpp(93,1): error C2447: {: отсутствует заголовок функции (возможно, используется формальный список старого типа)
C:\Users\Pavel Ivanov\labs\GitHub\oop-bmstu\lab_02\lab_02\MatrixRow.hpp(115,1): warning C4346: "MatrixRow": зависимое имя не является типом.
C:\Users\Pavel Ivanov\labs\GitHub\oop-bmstu\lab_02\lab_02\MatrixRow.hpp(115,1): message : укажите префикс "typename" для задания типа
C:\Users\Pavel Ivanov\labs\GitHub\oop-bmstu\lab_02\lab_02\MatrixRow.hpp(115,12): error C2061: синтаксическая ошибка: идентификатор "MatrixRow"
C:\Users\Pavel Ivanov\labs\GitHub\oop-bmstu\lab_02\lab_02\MatrixRow.hpp(116,1): error C2143: синтаксическая ошибка: отсутствие ";" перед "{"
C:\Users\Pavel Ivanov\labs\GitHub\oop-bmstu\lab_02\lab_02\MatrixRow.hpp(116,1): error C2447: {: отсутствует заголовок функции (возможно, используется формальный список старого типа)
C:\Users\Pavel Ivanov\labs\GitHub\oop-bmstu\lab_02\lab_02\MatrixRow.hpp(131,1): warning C4346: "MatrixRow": зависимое имя не является типом.
C:\Users\Pavel Ivanov\labs\GitHub\oop-bmstu\lab_02\lab_02\MatrixRow.hpp(131,1): message : укажите префикс "typename" для задания типа
C:\Users\Pavel Ivanov\labs\GitHub\oop-bmstu\lab_02\lab_02\MatrixRow.hpp(131,12): error C2061: синтаксическая ошибка: идентификатор "MatrixRow"
C:\Users\Pavel Ivanov\labs\GitHub\oop-bmstu\lab_02\lab_02\MatrixRow.hpp(132,1): error C2143: синтаксическая ошибка: отсутствие ";" перед "{"
C:\Users\Pavel Ivanov\labs\GitHub\oop-bmstu\lab_02\lab_02\MatrixRow.hpp(132,1): error C2447: {: отсутствует заголовок функции (возможно, используется формальный список старого типа)
C:\Users\Pavel Ivanov\labs\GitHub\oop-bmstu\lab_02\lab_02\Matrix.hpp(275,1): warning C4346: "MatrixRow": зависимое имя не является типом.
C:\Users\Pavel Ivanov\labs\GitHub\oop-bmstu\lab_02\lab_02\Matrix.hpp(275,1): message : укажите префикс "typename" для задания типа
C:\Users\Pavel Ivanov\labs\GitHub\oop-bmstu\lab_02\lab_02\Matrix.hpp(275,12): error C2061: синтаксическая ошибка: идентификатор "MatrixRow"
C:\Users\Pavel Ivanov\labs\GitHub\oop-bmstu\lab_02\lab_02\Matrix.hpp(276,1): error C2143: синтаксическая ошибка: отсутствие ";" перед "{"
C:\Users\Pavel Ivanov\labs\GitHub\oop-bmstu\lab_02\lab_02\Matrix.hpp(276,1): error C2447: {: отсутствует заголовок функции (возможно, используется формальный список старого типа)
C:\Users\Pavel Ivanov\labs\GitHub\oop-bmstu\lab_02\lab_02\main.cpp(13,38): error C2514: "Matrix": невозможно создать шаблон класса.
C:\Users\Pavel Ivanov\labs\GitHub\oop-bmstu\lab_02\lab_02\Matrix.h(14): message : см. объявление "Matrix"
C:\Users\Pavel Ivanov\labs\GitHub\oop-bmstu\lab_02\lab_02\main.cpp(18,20): error C2678: бинарный "[": не найден оператор, принимающий левый операнд типа "Matrix" (или приемлемое преобразование отсутствует)
C:\Users\Pavel Ivanov\labs\GitHub\oop-bmstu\lab_02\lab_02\Matrix.h(86,19): message : может быть "const Matrix<T>::MatrixRow &Matrix<T>::operator [](const size_t) const"
C:\Users\Pavel Ivanov\labs\GitHub\oop-bmstu\lab_02\lab_02\Matrix.h(85,13): message : или       "Matrix<T>::MatrixRow &Matrix<T>::operator [](const size_t)"
C:\Users\Pavel Ivanov\labs\GitHub\oop-bmstu\lab_02\lab_02\main.cpp(18,20): message : при попытке сопоставить список аргументов "(Matrix, size_t)"
C:\Users\Pavel Ivanov\labs\GitHub\oop-bmstu\lab_02\lab_02\main.cpp(24,23): error C2514: "Matrix": невозможно создать шаблон класса.
C:\Users\Pavel Ivanov\labs\GitHub\oop-bmstu\lab_02\lab_02\Matrix.h(14): message : см. объявление "Matrix"
C:\Users\Pavel Ivanov\labs\GitHub\oop-bmstu\lab_02\lab_02\main.cpp(29,20): error C2678: бинарный "[": не найден оператор, принимающий левый операнд типа "Matrix" (или приемлемое преобразование отсутствует)
C:\Users\Pavel Ivanov\labs\GitHub\oop-bmstu\lab_02\lab_02\Matrix.h(86,19): message : может быть "const Matrix<T>::MatrixRow &Matrix<T>::operator [](const size_t) const"
C:\Users\Pavel Ivanov\labs\GitHub\oop-bmstu\lab_02\lab_02\Matrix.h(85,13): message : или       "Matrix<T>::MatrixRow &Matrix<T>::operator [](const size_t)"
C:\Users\Pavel Ivanov\labs\GitHub\oop-bmstu\lab_02\lab_02\main.cpp(29,20): message : при попытке сопоставить список аргументов "(Matrix, size_t)"
C:\Users\Pavel Ivanov\labs\GitHub\oop-bmstu\lab_02\lab_02\main.cpp(34,7): error C2678: бинарный "=": не найден оператор, принимающий левый операнд типа "Matrix" (или приемлемое преобразование отсутствует)
C:\Users\Pavel Ivanov\labs\GitHub\oop-bmstu\lab_02\lab_02\Matrix.h(37,13): message : может быть "Matrix<T> &Matrix<T>::operator =(std::initializer_list<std::initializer_list<_Elem>>)"
C:\Users\Pavel Ivanov\labs\GitHub\oop-bmstu\lab_02\lab_02\Matrix.h(36,13): message : или       "Matrix<T> &Matrix<T>::operator =(Matrix<T> &&)"
C:\Users\Pavel Ivanov\labs\GitHub\oop-bmstu\lab_02\lab_02\Matrix.h(35,13): message : или       "Matrix<T> &Matrix<T>::operator =(const Matrix<T> &)"
C:\Users\Pavel Ivanov\labs\GitHub\oop-bmstu\lab_02\lab_02\main.cpp(34,7): message : при попытке сопоставить список аргументов "(Matrix, Matrix)"
C:\Users\Pavel Ivanov\labs\GitHub\oop-bmstu\lab_02\lab_02\main.cpp(34,7): error C2582: функция "operator =" недоступна в "Matrix"
C:\Users\Pavel Ivanov\labs\GitHub\oop-bmstu\lab_02\lab_02\main.cpp(39,20): error C2678: бинарный "[": не найден оператор, принимающий левый операнд типа "Matrix" (или приемлемое преобразование отсутствует)
C:\Users\Pavel Ivanov\labs\GitHub\oop-bmstu\lab_02\lab_02\Matrix.h(86,19): message : может быть "const Matrix<T>::MatrixRow &Matrix<T>::operator [](const size_t) const"
C:\Users\Pavel Ivanov\labs\GitHub\oop-bmstu\lab_02\lab_02\Matrix.h(85,13): message : или       "Matrix<T>::MatrixRow &Matrix<T>::operator [](const size_t)"
C:\Users\Pavel Ivanov\labs\GitHub\oop-bmstu\lab_02\lab_02\main.cpp(39,20): message : при попытке сопоставить список аргументов "(Matrix, size_t)"
C:\Users\Pavel Ivanov\labs\GitHub\oop-bmstu\lab_02\lab_02\main.cpp(59,49): error C2514: "Matrix": невозможно создать шаблон класса.
C:\Users\Pavel Ivanov\labs\GitHub\oop-bmstu\lab_02\lab_02\Matrix.h(14): message : см. объявление "Matrix"
C:\Users\Pavel Ivanov\labs\GitHub\oop-bmstu\lab_02\lab_02\main.cpp(67,20): error C2678: бинарный "[": не найден оператор, принимающий левый операнд типа "Matrix" (или приемлемое преобразование отсутствует)
C:\Users\Pavel Ivanov\labs\GitHub\oop-bmstu\lab_02\lab_02\Matrix.h(86,19): message : может быть "const Matrix<T>::MatrixRow &Matrix<T>::operator [](const size_t) const"
C:\Users\Pavel Ivanov\labs\GitHub\oop-bmstu\lab_02\lab_02\Matrix.h(85,13): message : или       "Matrix<T>::MatrixRow &Matrix<T>::operator [](const size_t)"
C:\Users\Pavel Ivanov\labs\GitHub\oop-bmstu\lab_02\lab_02\main.cpp(67,20): message : при попытке сопоставить список аргументов "(Matrix, size_t)"
