c:\users\pavel ivanov\labs\github\oop-bmstu\lab_02\lab_02\debug\vc142.pdb
c:\users\pavel ivanov\labs\github\oop-bmstu\lab_02\lab_02\debug\vc142.idb
c:\users\pavel ivanov\labs\github\oop-bmstu\lab_02\lab_02\debug\main.obj
c:\users\pavel ivanov\labs\github\oop-bmstu\lab_02\lab_02\debug\matrix.obj
c:\users\pavel ivanov\labs\github\oop-bmstu\lab_02\lab_02\debug\iterator.obj
c:\users\pavel ivanov\labs\github\oop-bmstu\lab_02\lab_02\debug\exceptions.obj
c:\users\pavel ivanov\labs\github\oop-bmstu\lab_02\lab_02\debug\constiterator.obj
c:\users\pavel ivanov\labs\github\oop-bmstu\lab_02\lab_02\debug\basematrix.obj
c:\users\pavel ivanov\labs\github\oop-bmstu\lab_02\debug\lab_02.lib
c:\users\pavel ivanov\labs\github\oop-bmstu\lab_02\debug\lab_02.exp
c:\users\pavel ivanov\labs\github\oop-bmstu\lab_02\debug\lab_02.exe
c:\users\pavel ivanov\labs\github\oop-bmstu\lab_02\lab_02\debug\lab_02.ilk
c:\users\pavel ivanov\labs\github\oop-bmstu\lab_02\debug\lab_02.pdb
c:\users\pavel ivanov\labs\github\oop-bmstu\lab_02\lab_02\debug\lab_02.tlog\cl.command.1.tlog
c:\users\pavel ivanov\labs\github\oop-bmstu\lab_02\lab_02\debug\lab_02.tlog\cl.read.1.tlog
c:\users\pavel ivanov\labs\github\oop-bmstu\lab_02\lab_02\debug\lab_02.tlog\cl.write.1.tlog
c:\users\pavel ivanov\labs\github\oop-bmstu\lab_02\lab_02\debug\lab_02.tlog\lab_02.write.1u.tlog
c:\users\pavel ivanov\labs\github\oop-bmstu\lab_02\lab_02\debug\lab_02.tlog\link.command.1.tlog
c:\users\pavel ivanov\labs\github\oop-bmstu\lab_02\lab_02\debug\lab_02.tlog\link.read.1.tlog
c:\users\pavel ivanov\labs\github\oop-bmstu\lab_02\lab_02\debug\lab_02.tlog\link.write.1.tlog
